2021-10-22 01:43:29 [::1][-][-][error][application] Could not migrate tables to utf8mb4: Undefined array key "table_name"
    in /Users/azizdiallo/Sites/humhub/protected/humhub/migrations/m181029_160453_collation.php:34
    in /Users/azizdiallo/Sites/humhub/protected/humhub/commands/MigrateController.php:198
    in /Users/azizdiallo/Sites/humhub/protected/humhub/modules/installer/controllers/SetupController.php:149
2021-10-22 01:43:15 [::1][-][-][info][application] $_GET = [
    'r' => 'installer/setup/init'
]

$_SERVER = [
    'HTTP_HOST' => 'localhost'
    'HTTP_ORIGIN' => 'http://localhost'
    'HTTP_COOKIE' => '_csrf=5d45aa0487e91269584f1ccee9130a4fc3cdfa9a0addefc0cf8077eb0024c56da%3A2%3A%7Bi%3A0%3Bs%3A5%3A%22_csrf%22%3Bi%3A1%3Bs%3A32%3A%22yDTy6pqyddlt3FNy1DroAFlt8UgC1Zo5%22%3B%7D'
    'HTTP_CONNECTION' => 'keep-alive'
    'HTTP_UPGRADE_INSECURE_REQUESTS' => '1'
    'HTTP_ACCEPT' => 'text/html,application/xhtml+xml,application/xml;q=0.9,*/*;q=0.8'
    'HTTP_USER_AGENT' => 'Mozilla/5.0 (Macintosh; Intel Mac OS X 10_15_7) AppleWebKit/605.1.15 (KHTML, like Gecko) Version/14.1.2 Safari/605.1.15'
    'HTTP_REFERER' => 'http://localhost/index.php?r=installer%2Fsetup%2Fdatabase'
    'HTTP_ACCEPT_ENCODING' => 'gzip, deflate'
    'HTTP_ACCEPT_LANGUAGE' => 'en-us'
    'PATH' => '/usr/local/bin:/usr/local/sbin:/usr/bin:/bin:/usr/sbin:/sbin'
    'SERVER_SIGNATURE' => ''
    'SERVER_SOFTWARE' => 'Apache/2.4.51 (Unix) PHP/8.0.12'
    'SERVER_NAME' => 'localhost'
    'SERVER_ADDR' => '::1'
    'SERVER_PORT' => '80'
    'REMOTE_ADDR' => '::1'
    'DOCUMENT_ROOT' => '/Users/azizdiallo/Sites/humhub'
    'REQUEST_SCHEME' => 'http'
    'CONTEXT_PREFIX' => ''
    'CONTEXT_DOCUMENT_ROOT' => '/Users/azizdiallo/Sites/humhub'
    'SERVER_ADMIN' => 'aad21nm@gmail.com'
    'SCRIPT_FILENAME' => '/Users/azizdiallo/Sites/humhub/index.php'
    'REMOTE_PORT' => '56237'
    'GATEWAY_INTERFACE' => 'CGI/1.1'
    'SERVER_PROTOCOL' => 'HTTP/1.1'
    'REQUEST_METHOD' => 'GET'
    'QUERY_STRING' => 'r=installer%2Fsetup%2Finit'
    'REQUEST_URI' => '/index.php?r=installer%2Fsetup%2Finit'
    'SCRIPT_NAME' => '/index.php'
    'PHP_SELF' => '/index.php'
    'REQUEST_TIME_FLOAT' => 1634866995.7726
    'REQUEST_TIME' => 1634866995
]
